2025-01-12 19:38:47 [INFO] :  ------------------------
Time       : 2025-01-12 19:38:47
Thread Name: Customer 2
Message    : Customer 2's order 1
------------------------
2025-01-12 19:38:47 [INFO] :  ------------------------
Time       : 2025-01-12 19:38:47
Thread Name: Barista 3
Message    :  Preparing order for Customer 3's order 1
------------------------
2025-01-12 19:38:47 [INFO] :  ------------------------
Time       : 2025-01-12 19:38:47
Thread Name: Barista 2
Message    :  Preparing order for Customer 2's order 1
------------------------
2025-01-12 19:38:47 [INFO] :  ------------------------
Time       : 2025-01-12 19:38:47
Thread Name: Customer 4
Message    : Customer 4's order 1
------------------------
2025-01-12 19:38:47 [INFO] :  ------------------------
Time       : 2025-01-12 19:38:47
Thread Name: Customer 3
Message    : Customer 3's order 1
------------------------
2025-01-12 19:38:47 [INFO] :  ------------------------
Time       : 2025-01-12 19:38:47
Thread Name: Customer 1
Message    : Customer 1's order 1
------------------------
2025-01-12 19:38:47 [INFO] :  ------------------------
Time       : 2025-01-12 19:38:47
Thread Name: Barista 1
Message    :  Preparing order for Customer 4's order 1
------------------------
2025-01-12 19:38:48 [INFO] :  ------------------------
Time       : 2025-01-12 19:38:48
Thread Name: Customer 1
Message    : Customer 1's order 2
------------------------
2025-01-12 19:38:48 [INFO] :  ------------------------
Time       : 2025-01-12 19:38:48
Thread Name: Customer 2
Message    : Customer 2's order 2
------------------------
2025-01-12 19:38:48 [INFO] :  ------------------------
Time       : 2025-01-12 19:38:48
Thread Name: Barista 1
Message    :  Preparing order for Customer 1's order 1
------------------------
2025-01-12 19:38:48 [INFO] :  ------------------------
Time       : 2025-01-12 19:38:48
Thread Name: Customer 3
Message    : Customer 3's order 2
------------------------
2025-01-12 19:38:49 [INFO] :  ------------------------
Time       : 2025-01-12 19:38:49
Thread Name: Customer 4
Message    : Customer 4's order 2
------------------------
2025-01-12 19:38:49 [INFO] :  ------------------------
Time       : 2025-01-12 19:38:49
Thread Name: Barista 2
Message    :  Preparing order for Customer 1's order 2
------------------------
2025-01-12 19:38:49 [INFO] :  ------------------------
Time       : 2025-01-12 19:38:49
Thread Name: Barista 3
Message    :  Preparing order for Customer 2's order 2
------------------------
2025-01-12 19:38:49 [INFO] :  ------------------------
Time       : 2025-01-12 19:38:49
Thread Name: Customer 1
Message    : Customer 1's order 3
------------------------
2025-01-12 19:38:50 [INFO] :  ------------------------
Time       : 2025-01-12 19:38:50
Thread Name: Customer 2
Message    : Customer 2's order 3
------------------------
2025-01-12 19:38:50 [INFO] :  ------------------------
Time       : 2025-01-12 19:38:50
Thread Name: Barista 1
Message    :  Preparing order for Customer 3's order 2
------------------------
2025-01-12 19:38:50 [INFO] :  ------------------------
Time       : 2025-01-12 19:38:50
Thread Name: Customer 4
Message    : Customer 4's order 3
------------------------
2025-01-12 19:38:50 [INFO] :  ------------------------
Time       : 2025-01-12 19:38:50
Thread Name: Barista 3
Message    :  Preparing order for Customer 4's order 2
------------------------
2025-01-12 19:38:50 [INFO] :  ------------------------
Time       : 2025-01-12 19:38:50
Thread Name: Customer 3
Message    : Customer 3's order 3
------------------------
2025-01-12 19:38:51 [INFO] :  ------------------------
Time       : 2025-01-12 19:38:51
Thread Name: Barista 2
Message    :  Preparing order for Customer 1's order 3
------------------------
2025-01-12 19:38:51 [INFO] :  ------------------------
Time       : 2025-01-12 19:38:51
Thread Name: Customer 1
Message    : Customer 1's order 4
------------------------
2025-01-12 19:38:51 [INFO] :  ------------------------
Time       : 2025-01-12 19:38:51
Thread Name: Barista 1
Message    :  Preparing order for Customer 2's order 3
------------------------
2025-01-12 19:38:51 [INFO] :  ------------------------
Time       : 2025-01-12 19:38:51
Thread Name: Customer 3
Message    : Customer 3's order 4
------------------------
2025-01-12 19:38:52 [INFO] :  ------------------------
Time       : 2025-01-12 19:38:52
Thread Name: Barista 2
Message    :  Preparing order for Customer 4's order 3
------------------------
2025-01-12 19:38:52 [INFO] :  ------------------------
Time       : 2025-01-12 19:38:52
Thread Name: Customer 4
Message    : Customer 4's order 4
------------------------
2025-01-12 19:38:52 [INFO] :  ------------------------
Time       : 2025-01-12 19:38:52
Thread Name: Customer 2
Message    : Customer 2's order 4
------------------------
2025-01-12 19:38:52 [INFO] :  ------------------------
Time       : 2025-01-12 19:38:52
Thread Name: Barista 3
Message    :  Preparing order for Customer 3's order 3
------------------------
2025-01-12 19:38:53 [INFO] :  ------------------------
Time       : 2025-01-12 19:38:53
Thread Name: Customer 1
Message    : Customer 1's order 5
------------------------
2025-01-12 19:38:53 [INFO] :  ------------------------
Time       : 2025-01-12 19:38:53
Thread Name: Barista 3
Message    :  Preparing order for Customer 1's order 4
------------------------
2025-01-12 19:38:53 [INFO] :  ------------------------
Time       : 2025-01-12 19:38:53
Thread Name: Barista 2
Message    :  Preparing order for Customer 3's order 4
------------------------
2025-01-12 19:38:53 [INFO] :  ------------------------
Time       : 2025-01-12 19:38:53
Thread Name: Customer 3
Message    : Customer 3's order 5
------------------------
2025-01-12 19:38:53 [INFO] :  ------------------------
Time       : 2025-01-12 19:38:53
Thread Name: Barista 1
Message    :  Preparing order for Customer 4's order 4
------------------------
2025-01-12 19:38:53 [INFO] :  ------------------------
Time       : 2025-01-12 19:38:53
Thread Name: Customer 4
Message    : Customer 4's order 5
------------------------
2025-01-12 19:38:54 [INFO] :  ------------------------
Time       : 2025-01-12 19:38:54
Thread Name: Customer 2
Message    : Customer 2's order 5
------------------------
2025-01-12 19:38:54 [INFO] :  ------------------------
Time       : 2025-01-12 19:38:54
Thread Name: Barista 1
Message    :  Preparing order for Customer 2's order 4
------------------------
2025-01-12 19:38:55 [INFO] :  ------------------------
Time       : 2025-01-12 19:38:55
Thread Name: Barista 2
Message    :  Preparing order for Customer 1's order 5
------------------------
2025-01-12 19:38:55 [INFO] :  ------------------------
Time       : 2025-01-12 19:38:55
Thread Name: Barista 3
Message    :  Preparing order for Customer 3's order 5
------------------------
2025-01-12 19:38:56 [INFO] :  ------------------------
Time       : 2025-01-12 19:38:56
Thread Name: Barista 1
Message    :  Preparing order for Customer 4's order 5
------------------------
2025-01-12 19:38:56 [INFO] :  ------------------------
Time       : 2025-01-12 19:38:56
Thread Name: Barista 2
Message    :  Preparing order for Customer 2's order 5
------------------------
