2025-01-12 19:30:36 [INFO] :  [32m
Timestamp   : 2025-01-12 19:30:36
Thread Name : Employee 1
Action      :  has entered stall 6
------------------------
2025-01-12 19:30:36 [INFO] :  [32m
Timestamp   : 2025-01-12 19:30:36
Thread Name : Employee 5
Action      :  has entered stall 4
------------------------
2025-01-12 19:30:36 [INFO] :  [32m
Timestamp   : 2025-01-12 19:30:36
Thread Name : Employee 3
Action      :  has entered stall 2
------------------------
2025-01-12 19:30:36 [INFO] :  [32m
Timestamp   : 2025-01-12 19:30:36
Thread Name : Student 6
Action      :  has entered stall 5
------------------------
2025-01-12 19:30:36 [INFO] :  [32m
Timestamp   : 2025-01-12 19:30:36
Thread Name : Student 4
Action      :  has entered stall 3
------------------------
2025-01-12 19:30:36 [INFO] :  [32m
Timestamp   : 2025-01-12 19:30:36
Thread Name : Student 2
Action      :  has entered stall 1
------------------------
2025-01-12 19:30:39 [INFO] :  [33m
Timestamp   : 2025-01-12 19:30:39
Thread Name : Student 6
Action      :  has left stall 5
------------------------
2025-01-12 19:30:39 [INFO] :  [32m
Timestamp   : 2025-01-12 19:30:39
Thread Name : Employee 7
Action      :  has entered stall 5
------------------------
2025-01-12 19:30:40 [INFO] :  [33m
Timestamp   : 2025-01-12 19:30:40
Thread Name : Employee 1
Action      :  has left stall 6
------------------------
2025-01-12 19:30:40 [INFO] :  [32m
Timestamp   : 2025-01-12 19:30:40
Thread Name : Student 66
Action      :  has entered stall 6
------------------------
2025-01-12 19:30:40 [INFO] :  [33m
Timestamp   : 2025-01-12 19:30:40
Thread Name : Student 2
Action      :  has left stall 1
------------------------
2025-01-12 19:30:40 [INFO] :  [32m
Timestamp   : 2025-01-12 19:30:40
Thread Name : Employee 9
Action      :  has entered stall 1
------------------------
2025-01-12 19:30:40 [INFO] :  [33m
Timestamp   : 2025-01-12 19:30:40
Thread Name : Student 4
Action      :  has left stall 3
------------------------
2025-01-12 19:30:40 [INFO] :  [32m
Timestamp   : 2025-01-12 19:30:40
Thread Name : Student 10
Action      :  has entered stall 3
------------------------
2025-01-12 19:30:40 [INFO] :  [33m
Timestamp   : 2025-01-12 19:30:40
Thread Name : Employee 3
Action      :  has left stall 2
------------------------
2025-01-12 19:30:40 [INFO] :  [32m
Timestamp   : 2025-01-12 19:30:40
Thread Name : Employee 11
Action      :  has entered stall 2
------------------------
2025-01-12 19:30:41 [INFO] :  [33m
Timestamp   : 2025-01-12 19:30:41
Thread Name : Employee 5
Action      :  has left stall 4
------------------------
2025-01-12 19:30:41 [INFO] :  [32m
Timestamp   : 2025-01-12 19:30:41
Thread Name : Student 12
Action      :  has entered stall 4
------------------------
2025-01-12 19:30:43 [INFO] :  [33m
Timestamp   : 2025-01-12 19:30:43
Thread Name : Employee 11
Action      :  has left stall 2
------------------------
2025-01-12 19:30:43 [INFO] :  [32m
Timestamp   : 2025-01-12 19:30:43
Thread Name : Employee 13
Action      :  has entered stall 2
------------------------
2025-01-12 19:30:43 [INFO] :  [33m
Timestamp   : 2025-01-12 19:30:43
Thread Name : Student 66
Action      :  has left stall 6
------------------------
2025-01-12 19:30:43 [INFO] :  [32m
Timestamp   : 2025-01-12 19:30:43
Thread Name : Student 14
Action      :  has entered stall 6
------------------------
2025-01-12 19:30:44 [INFO] :  [33m
Timestamp   : 2025-01-12 19:30:44
Thread Name : Student 10
Action      :  has left stall 3
------------------------
2025-01-12 19:30:44 [INFO] :  [32m
Timestamp   : 2025-01-12 19:30:44
Thread Name : Employee 15
Action      :  has entered stall 3
------------------------
2025-01-12 19:30:44 [INFO] :  [33m
Timestamp   : 2025-01-12 19:30:44
Thread Name : Employee 7
Action      :  has left stall 5
------------------------
2025-01-12 19:30:44 [INFO] :  [32m
Timestamp   : 2025-01-12 19:30:44
Thread Name : Student 16
Action      :  has entered stall 5
------------------------
2025-01-12 19:30:44 [INFO] :  [33m
Timestamp   : 2025-01-12 19:30:44
Thread Name : Student 12
Action      :  has left stall 4
------------------------
2025-01-12 19:30:44 [INFO] :  [32m
Timestamp   : 2025-01-12 19:30:44
Thread Name : Employee 17
Action      :  has entered stall 4
------------------------
2025-01-12 19:30:44 [INFO] :  [33m
Timestamp   : 2025-01-12 19:30:44
Thread Name : Employee 9
Action      :  has left stall 1
------------------------
2025-01-12 19:30:44 [INFO] :  [32m
Timestamp   : 2025-01-12 19:30:44
Thread Name : Student 18
Action      :  has entered stall 1
------------------------
2025-01-12 19:30:47 [INFO] :  [33m
Timestamp   : 2025-01-12 19:30:47
Thread Name : Student 14
Action      :  has left stall 6
------------------------
2025-01-12 19:30:47 [INFO] :  [32m
Timestamp   : 2025-01-12 19:30:47
Thread Name : Employee 19
Action      :  has entered stall 6
------------------------
2025-01-12 19:30:47 [INFO] :  [33m
Timestamp   : 2025-01-12 19:30:47
Thread Name : Employee 17
Action      :  has left stall 4
------------------------
2025-01-12 19:30:47 [INFO] :  [32m
Timestamp   : 2025-01-12 19:30:47
Thread Name : Student 20
Action      :  has entered stall 4
------------------------
2025-01-12 19:30:47 [INFO] :  [33m
Timestamp   : 2025-01-12 19:30:47
Thread Name : Employee 13
Action      :  has left stall 2
------------------------
2025-01-12 19:30:47 [INFO] :  [32m
Timestamp   : 2025-01-12 19:30:47
Thread Name : Employee 21
Action      :  has entered stall 2
------------------------
2025-01-12 19:30:48 [INFO] :  [33m
Timestamp   : 2025-01-12 19:30:48
Thread Name : Employee 15
Action      :  has left stall 3
------------------------
2025-01-12 19:30:48 [INFO] :  [32m
Timestamp   : 2025-01-12 19:30:48
Thread Name : Student 22
Action      :  has entered stall 3
------------------------
2025-01-12 19:30:48 [INFO] :  [33m
Timestamp   : 2025-01-12 19:30:48
Thread Name : Student 18
Action      :  has left stall 1
------------------------
2025-01-12 19:30:48 [INFO] :  [32m
Timestamp   : 2025-01-12 19:30:48
Thread Name : Employee 23
Action      :  has entered stall 1
------------------------
2025-01-12 19:30:49 [INFO] :  [33m
Timestamp   : 2025-01-12 19:30:49
Thread Name : Student 16
Action      :  has left stall 5
------------------------
2025-01-12 19:30:49 [INFO] :  [32m
Timestamp   : 2025-01-12 19:30:49
Thread Name : Student 24
Action      :  has entered stall 5
------------------------
2025-01-12 19:30:51 [INFO] :  [33m
Timestamp   : 2025-01-12 19:30:51
Thread Name : Employee 19
Action      :  has left stall 6
------------------------
2025-01-12 19:30:51 [INFO] :  [32m
Timestamp   : 2025-01-12 19:30:51
Thread Name : Employee 25
Action      :  has entered stall 6
------------------------
2025-01-12 19:30:51 [INFO] :  [33m
Timestamp   : 2025-01-12 19:30:51
Thread Name : Student 20
Action      :  has left stall 4
------------------------
2025-01-12 19:30:51 [INFO] :  [32m
Timestamp   : 2025-01-12 19:30:51
Thread Name : Student 26
Action      :  has entered stall 4
------------------------
2025-01-12 19:30:52 [INFO] :  [33m
Timestamp   : 2025-01-12 19:30:52
Thread Name : Employee 21
Action      :  has left stall 2
------------------------
2025-01-12 19:30:52 [INFO] :  [32m
Timestamp   : 2025-01-12 19:30:52
Thread Name : Employee 27
Action      :  has entered stall 2
------------------------
2025-01-12 19:30:52 [INFO] :  [33m
Timestamp   : 2025-01-12 19:30:52
Thread Name : Employee 23
Action      :  has left stall 1
------------------------
2025-01-12 19:30:52 [INFO] :  [32m
Timestamp   : 2025-01-12 19:30:52
Thread Name : Student 28
Action      :  has entered stall 1
------------------------
2025-01-12 19:30:52 [INFO] :  [33m
Timestamp   : 2025-01-12 19:30:52
Thread Name : Student 22
Action      :  has left stall 3
------------------------
2025-01-12 19:30:52 [INFO] :  [32m
Timestamp   : 2025-01-12 19:30:52
Thread Name : Employee 29
Action      :  has entered stall 3
------------------------
2025-01-12 19:30:53 [INFO] :  [33m
Timestamp   : 2025-01-12 19:30:53
Thread Name : Student 24
Action      :  has left stall 5
------------------------
2025-01-12 19:30:53 [INFO] :  [32m
Timestamp   : 2025-01-12 19:30:53
Thread Name : Student 30
Action      :  has entered stall 5
------------------------
2025-01-12 19:30:55 [INFO] :  [33m
Timestamp   : 2025-01-12 19:30:55
Thread Name : Employee 25
Action      :  has left stall 6
------------------------
2025-01-12 19:30:55 [INFO] :  [32m
Timestamp   : 2025-01-12 19:30:55
Thread Name : Employee 31
Action      :  has entered stall 6
------------------------
2025-01-12 19:30:55 [INFO] :  [33m
Timestamp   : 2025-01-12 19:30:55
Thread Name : Student 26
Action      :  has left stall 4
------------------------
2025-01-12 19:30:55 [INFO] :  [32m
Timestamp   : 2025-01-12 19:30:55
Thread Name : Employee 33
Action      :  has entered stall 4
------------------------
2025-01-12 19:30:56 [INFO] :  [33m
Timestamp   : 2025-01-12 19:30:56
Thread Name : Employee 27
Action      :  has left stall 2
------------------------
2025-01-12 19:30:56 [INFO] :  [32m
Timestamp   : 2025-01-12 19:30:56
Thread Name : Student 32
Action      :  has entered stall 2
------------------------
2025-01-12 19:30:57 [INFO] :  [33m
Timestamp   : 2025-01-12 19:30:57
Thread Name : Employee 29
Action      :  has left stall 3
------------------------
2025-01-12 19:30:57 [INFO] :  [32m
Timestamp   : 2025-01-12 19:30:57
Thread Name : Student 34
Action      :  has entered stall 3
------------------------
2025-01-12 19:30:57 [INFO] :  [33m
Timestamp   : 2025-01-12 19:30:57
Thread Name : Student 28
Action      :  has left stall 1
------------------------
2025-01-12 19:30:57 [INFO] :  [32m
Timestamp   : 2025-01-12 19:30:57
Thread Name : Student 36
Action      :  has entered stall 1
------------------------
2025-01-12 19:30:57 [INFO] :  [33m
Timestamp   : 2025-01-12 19:30:57
Thread Name : Student 30
Action      :  has left stall 5
------------------------
2025-01-12 19:30:57 [INFO] :  [32m
Timestamp   : 2025-01-12 19:30:57
Thread Name : Employee 37
Action      :  has entered stall 5
------------------------
2025-01-12 19:30:59 [INFO] :  [33m
Timestamp   : 2025-01-12 19:30:59
Thread Name : Employee 33
Action      :  has left stall 4
------------------------
2025-01-12 19:30:59 [INFO] :  [32m
Timestamp   : 2025-01-12 19:30:59
Thread Name : Employee 35
Action      :  has entered stall 4
------------------------
2025-01-12 19:30:59 [INFO] :  [33m
Timestamp   : 2025-01-12 19:30:59
Thread Name : Employee 31
Action      :  has left stall 6
------------------------
2025-01-12 19:30:59 [INFO] :  [32m
Timestamp   : 2025-01-12 19:30:59
Thread Name : Student 38
Action      :  has entered stall 6
------------------------
2025-01-12 19:31:01 [INFO] :  [33m
Timestamp   : 2025-01-12 19:31:01
Thread Name : Student 32
Action      :  has left stall 2
------------------------
2025-01-12 19:31:01 [INFO] :  [32m
Timestamp   : 2025-01-12 19:31:01
Thread Name : Employee 39
Action      :  has entered stall 2
------------------------
2025-01-12 19:31:02 [INFO] :  [33m
Timestamp   : 2025-01-12 19:31:02
Thread Name : Employee 37
Action      :  has left stall 5
------------------------
2025-01-12 19:31:02 [INFO] :  [32m
Timestamp   : 2025-01-12 19:31:02
Thread Name : Student 40
Action      :  has entered stall 5
------------------------
2025-01-12 19:31:02 [INFO] :  [33m
Timestamp   : 2025-01-12 19:31:02
Thread Name : Student 34
Action      :  has left stall 3
------------------------
2025-01-12 19:31:02 [INFO] :  [32m
Timestamp   : 2025-01-12 19:31:02
Thread Name : Employee 41
Action      :  has entered stall 3
------------------------
2025-01-12 19:31:02 [INFO] :  [33m
Timestamp   : 2025-01-12 19:31:02
Thread Name : Student 36
Action      :  has left stall 1
------------------------
2025-01-12 19:31:02 [INFO] :  [32m
Timestamp   : 2025-01-12 19:31:02
Thread Name : Student 42
Action      :  has entered stall 1
------------------------
2025-01-12 19:31:03 [INFO] :  [33m
Timestamp   : 2025-01-12 19:31:03
Thread Name : Employee 35
Action      :  has left stall 4
------------------------
2025-01-12 19:31:03 [INFO] :  [32m
Timestamp   : 2025-01-12 19:31:03
Thread Name : Employee 43
Action      :  has entered stall 4
------------------------
2025-01-12 19:31:03 [INFO] :  [33m
Timestamp   : 2025-01-12 19:31:03
Thread Name : Student 38
Action      :  has left stall 6
------------------------
2025-01-12 19:31:03 [INFO] :  [32m
Timestamp   : 2025-01-12 19:31:03
Thread Name : Student 44
Action      :  has entered stall 6
------------------------
2025-01-12 19:31:05 [INFO] :  [33m
Timestamp   : 2025-01-12 19:31:05
Thread Name : Employee 41
Action      :  has left stall 3
------------------------
2025-01-12 19:31:05 [INFO] :  [32m
Timestamp   : 2025-01-12 19:31:05
Thread Name : Employee 45
Action      :  has entered stall 3
------------------------
2025-01-12 19:31:06 [INFO] :  [33m
Timestamp   : 2025-01-12 19:31:06
Thread Name : Student 40
Action      :  has left stall 5
------------------------
2025-01-12 19:31:06 [INFO] :  [32m
Timestamp   : 2025-01-12 19:31:06
Thread Name : Student 46
Action      :  has entered stall 5
------------------------
2025-01-12 19:31:06 [INFO] :  [33m
Timestamp   : 2025-01-12 19:31:06
Thread Name : Employee 39
Action      :  has left stall 2
------------------------
2025-01-12 19:31:06 [INFO] :  [32m
Timestamp   : 2025-01-12 19:31:06
Thread Name : Employee 47
Action      :  has entered stall 2
------------------------
2025-01-12 19:31:06 [INFO] :  [33m
Timestamp   : 2025-01-12 19:31:06
Thread Name : Student 42
Action      :  has left stall 1
------------------------
2025-01-12 19:31:06 [INFO] :  [32m
Timestamp   : 2025-01-12 19:31:06
Thread Name : Student 48
Action      :  has entered stall 1
------------------------
2025-01-12 19:31:07 [INFO] :  [33m
Timestamp   : 2025-01-12 19:31:07
Thread Name : Student 44
Action      :  has left stall 6
------------------------
2025-01-12 19:31:07 [INFO] :  [32m
Timestamp   : 2025-01-12 19:31:07
Thread Name : Employee 49
Action      :  has entered stall 6
------------------------
2025-01-12 19:31:08 [INFO] :  [33m
Timestamp   : 2025-01-12 19:31:08
Thread Name : Employee 43
Action      :  has left stall 4
------------------------
2025-01-12 19:31:08 [INFO] :  [32m
Timestamp   : 2025-01-12 19:31:08
Thread Name : Student 50
Action      :  has entered stall 4
------------------------
2025-01-12 19:31:09 [INFO] :  [33m
Timestamp   : 2025-01-12 19:31:09
Thread Name : Employee 47
Action      :  has left stall 2
------------------------
2025-01-12 19:31:09 [INFO] :  [32m
Timestamp   : 2025-01-12 19:31:09
Thread Name : Employee 51
Action      :  has entered stall 2
------------------------
2025-01-12 19:31:10 [INFO] :  [33m
Timestamp   : 2025-01-12 19:31:10
Thread Name : Student 46
Action      :  has left stall 5
------------------------
2025-01-12 19:31:10 [INFO] :  [32m
Timestamp   : 2025-01-12 19:31:10
Thread Name : Student 86
Action      :  has entered stall 5
------------------------
2025-01-12 19:31:10 [INFO] :  [33m
Timestamp   : 2025-01-12 19:31:10
Thread Name : Employee 45
Action      :  has left stall 3
------------------------
2025-01-12 19:31:10 [INFO] :  [32m
Timestamp   : 2025-01-12 19:31:10
Thread Name : Employee 85
Action      :  has entered stall 3
------------------------
2025-01-12 19:31:10 [INFO] :  [33m
Timestamp   : 2025-01-12 19:31:10
Thread Name : Student 48
Action      :  has left stall 1
------------------------
2025-01-12 19:31:10 [INFO] :  [32m
Timestamp   : 2025-01-12 19:31:10
Thread Name : Student 84
Action      :  has entered stall 1
------------------------
2025-01-12 19:31:12 [INFO] :  [33m
Timestamp   : 2025-01-12 19:31:12
Thread Name : Employee 49
Action      :  has left stall 6
------------------------
2025-01-12 19:31:12 [INFO] :  [32m
Timestamp   : 2025-01-12 19:31:12
Thread Name : Employee 83
Action      :  has entered stall 6
------------------------
2025-01-12 19:31:12 [INFO] :  [33m
Timestamp   : 2025-01-12 19:31:12
Thread Name : Student 50
Action      :  has left stall 4
------------------------
2025-01-12 19:31:12 [INFO] :  [32m
Timestamp   : 2025-01-12 19:31:12
Thread Name : Employee 81
Action      :  has entered stall 4
------------------------
2025-01-12 19:31:13 [INFO] :  [33m
Timestamp   : 2025-01-12 19:31:13
Thread Name : Student 86
Action      :  has left stall 5
------------------------
2025-01-12 19:31:13 [INFO] :  [32m
Timestamp   : 2025-01-12 19:31:13
Thread Name : Employee 53
Action      :  has entered stall 5
------------------------
2025-01-12 19:31:14 [INFO] :  [33m
Timestamp   : 2025-01-12 19:31:14
Thread Name : Employee 51
Action      :  has left stall 2
------------------------
2025-01-12 19:31:14 [INFO] :  [32m
Timestamp   : 2025-01-12 19:31:14
Thread Name : Student 80
Action      :  has entered stall 2
------------------------
2025-01-12 19:31:14 [INFO] :  [33m
Timestamp   : 2025-01-12 19:31:14
Thread Name : Student 84
Action      :  has left stall 1
------------------------
2025-01-12 19:31:14 [INFO] :  [32m
Timestamp   : 2025-01-12 19:31:14
Thread Name : Student 82
Action      :  has entered stall 1
------------------------
2025-01-12 19:31:15 [INFO] :  [33m
Timestamp   : 2025-01-12 19:31:15
Thread Name : Employee 85
Action      :  has left stall 3
------------------------
2025-01-12 19:31:15 [INFO] :  [32m
Timestamp   : 2025-01-12 19:31:15
Thread Name : Employee 77
Action      :  has entered stall 3
------------------------
2025-01-12 19:31:16 [INFO] :  [33m
Timestamp   : 2025-01-12 19:31:16
Thread Name : Employee 53
Action      :  has left stall 5
------------------------
2025-01-12 19:31:16 [INFO] :  [32m
Timestamp   : 2025-01-12 19:31:16
Thread Name : Employee 75
Action      :  has entered stall 5
------------------------
2025-01-12 19:31:16 [INFO] :  [33m
Timestamp   : 2025-01-12 19:31:16
Thread Name : Employee 83
Action      :  has left stall 6
------------------------
2025-01-12 19:31:16 [INFO] :  [32m
Timestamp   : 2025-01-12 19:31:16
Thread Name : Student 78
Action      :  has entered stall 6
------------------------
2025-01-12 19:31:17 [INFO] :  [33m
Timestamp   : 2025-01-12 19:31:17
Thread Name : Employee 81
Action      :  has left stall 4
------------------------
2025-01-12 19:31:17 [INFO] :  [32m
Timestamp   : 2025-01-12 19:31:17
Thread Name : Employee 79
Action      :  has entered stall 4
------------------------
2025-01-12 19:31:17 [INFO] :  [33m
Timestamp   : 2025-01-12 19:31:17
Thread Name : Student 80
Action      :  has left stall 2
------------------------
2025-01-12 19:31:17 [INFO] :  [32m
Timestamp   : 2025-01-12 19:31:17
Thread Name : Student 74
Action      :  has entered stall 2
------------------------
2025-01-12 19:31:18 [INFO] :  [33m
Timestamp   : 2025-01-12 19:31:18
Thread Name : Employee 77
Action      :  has left stall 3
------------------------
2025-01-12 19:31:18 [INFO] :  [32m
Timestamp   : 2025-01-12 19:31:18
Thread Name : Student 72
Action      :  has entered stall 3
------------------------
2025-01-12 19:31:19 [INFO] :  [33m
Timestamp   : 2025-01-12 19:31:19
Thread Name : Student 82
Action      :  has left stall 1
------------------------
2025-01-12 19:31:19 [INFO] :  [32m
Timestamp   : 2025-01-12 19:31:19
Thread Name : Student 76
Action      :  has entered stall 1
------------------------
2025-01-12 19:31:20 [INFO] :  [33m
Timestamp   : 2025-01-12 19:31:20
Thread Name : Student 78
Action      :  has left stall 6
------------------------
2025-01-12 19:31:20 [INFO] :  [32m
Timestamp   : 2025-01-12 19:31:20
Thread Name : Employee 69
Action      :  has entered stall 6
------------------------
2025-01-12 19:31:21 [INFO] :  [33m
Timestamp   : 2025-01-12 19:31:21
Thread Name : Employee 75
Action      :  has left stall 5
------------------------
2025-01-12 19:31:21 [INFO] :  [32m
Timestamp   : 2025-01-12 19:31:21
Thread Name : Employee 71
Action      :  has entered stall 5
------------------------
2025-01-12 19:31:21 [INFO] :  [33m
Timestamp   : 2025-01-12 19:31:21
Thread Name : Employee 79
Action      :  has left stall 4
------------------------
2025-01-12 19:31:21 [INFO] :  [32m
Timestamp   : 2025-01-12 19:31:21
Thread Name : Employee 73
Action      :  has entered stall 4
------------------------
2025-01-12 19:31:22 [INFO] :  [33m
Timestamp   : 2025-01-12 19:31:22
Thread Name : Student 74
Action      :  has left stall 2
------------------------
2025-01-12 19:31:22 [INFO] :  [32m
Timestamp   : 2025-01-12 19:31:22
Thread Name : Student 70
Action      :  has entered stall 2
------------------------
2025-01-12 19:31:23 [INFO] :  [33m
Timestamp   : 2025-01-12 19:31:23
Thread Name : Student 72
Action      :  has left stall 3
------------------------
2025-01-12 19:31:23 [INFO] :  [32m
Timestamp   : 2025-01-12 19:31:23
Thread Name : Student 68
Action      :  has entered stall 3
------------------------
2025-01-12 19:31:23 [INFO] :  [33m
Timestamp   : 2025-01-12 19:31:23
Thread Name : Student 76
Action      :  has left stall 1
------------------------
2025-01-12 19:31:23 [INFO] :  [32m
Timestamp   : 2025-01-12 19:31:23
Thread Name : Employee 67
Action      :  has entered stall 1
------------------------
2025-01-12 19:31:23 [INFO] :  [33m
Timestamp   : 2025-01-12 19:31:23
Thread Name : Employee 69
Action      :  has left stall 6
------------------------
2025-01-12 19:31:23 [INFO] :  [32m
Timestamp   : 2025-01-12 19:31:23
Thread Name : Student 8
Action      :  has entered stall 6
------------------------
2025-01-12 19:31:26 [INFO] :  [33m
Timestamp   : 2025-01-12 19:31:26
Thread Name : Employee 71
Action      :  has left stall 5
------------------------
2025-01-12 19:31:26 [INFO] :  [32m
Timestamp   : 2025-01-12 19:31:26
Thread Name : Employee 65
Action      :  has entered stall 5
------------------------
2025-01-12 19:31:26 [INFO] :  [33m
Timestamp   : 2025-01-12 19:31:26
Thread Name : Employee 73
Action      :  has left stall 4
------------------------
2025-01-12 19:31:26 [INFO] :  [32m
Timestamp   : 2025-01-12 19:31:26
Thread Name : Student 64
Action      :  has entered stall 4
------------------------
2025-01-12 19:31:26 [INFO] :  [33m
Timestamp   : 2025-01-12 19:31:26
Thread Name : Student 68
Action      :  has left stall 3
------------------------
2025-01-12 19:31:26 [INFO] :  [32m
Timestamp   : 2025-01-12 19:31:26
Thread Name : Employee 63
Action      :  has entered stall 3
------------------------
2025-01-12 19:31:26 [INFO] :  [33m
Timestamp   : 2025-01-12 19:31:26
Thread Name : Employee 67
Action      :  has left stall 1
------------------------
2025-01-12 19:31:26 [INFO] :  [32m
Timestamp   : 2025-01-12 19:31:26
Thread Name : Employee 57
Action      :  has entered stall 1
------------------------
2025-01-12 19:31:27 [INFO] :  [33m
Timestamp   : 2025-01-12 19:31:27
Thread Name : Student 70
Action      :  has left stall 2
------------------------
2025-01-12 19:31:27 [INFO] :  [32m
Timestamp   : 2025-01-12 19:31:27
Thread Name : Student 62
Action      :  has entered stall 2
------------------------
2025-01-12 19:31:28 [INFO] :  [33m
Timestamp   : 2025-01-12 19:31:28
Thread Name : Student 8
Action      :  has left stall 6
------------------------
2025-01-12 19:31:28 [INFO] :  [32m
Timestamp   : 2025-01-12 19:31:28
Thread Name : Employee 55
Action      :  has entered stall 6
------------------------
2025-01-12 19:31:30 [INFO] :  [33m
Timestamp   : 2025-01-12 19:31:30
Thread Name : Employee 57
Action      :  has left stall 1
------------------------
2025-01-12 19:31:30 [INFO] :  [32m
Timestamp   : 2025-01-12 19:31:30
Thread Name : Student 58
Action      :  has entered stall 1
------------------------
2025-01-12 19:31:30 [INFO] :  [33m
Timestamp   : 2025-01-12 19:31:30
Thread Name : Student 64
Action      :  has left stall 4
------------------------
2025-01-12 19:31:30 [INFO] :  [32m
Timestamp   : 2025-01-12 19:31:30
Thread Name : Employee 59
Action      :  has entered stall 4
------------------------
2025-01-12 19:31:31 [INFO] :  [33m
Timestamp   : 2025-01-12 19:31:31
Thread Name : Employee 65
Action      :  has left stall 5
------------------------
2025-01-12 19:31:31 [INFO] :  [32m
Timestamp   : 2025-01-12 19:31:31
Thread Name : Student 56
Action      :  has entered stall 5
------------------------
2025-01-12 19:31:31 [INFO] :  [33m
Timestamp   : 2025-01-12 19:31:31
Thread Name : Employee 63
Action      :  has left stall 3
------------------------
2025-01-12 19:31:31 [INFO] :  [32m
Timestamp   : 2025-01-12 19:31:31
Thread Name : Student 54
Action      :  has entered stall 3
------------------------
2025-01-12 19:31:31 [INFO] :  [33m
Timestamp   : 2025-01-12 19:31:31
Thread Name : Student 62
Action      :  has left stall 2
------------------------
2025-01-12 19:31:31 [INFO] :  [32m
Timestamp   : 2025-01-12 19:31:31
Thread Name : Student 60
Action      :  has entered stall 2
------------------------
2025-01-12 19:31:33 [INFO] :  [33m
Timestamp   : 2025-01-12 19:31:33
Thread Name : Employee 55
Action      :  has left stall 6
------------------------
2025-01-12 19:31:33 [INFO] :  [32m
Timestamp   : 2025-01-12 19:31:33
Thread Name : Employee 61
Action      :  has entered stall 6
------------------------
2025-01-12 19:31:34 [INFO] :  [33m
Timestamp   : 2025-01-12 19:31:34
Thread Name : Student 58
Action      :  has left stall 1
------------------------
2025-01-12 19:31:34 [INFO] :  [32m
Timestamp   : 2025-01-12 19:31:34
Thread Name : Student 52
Action      :  has entered stall 1
------------------------
2025-01-12 19:31:34 [INFO] :  [33m
Timestamp   : 2025-01-12 19:31:34
Thread Name : Student 54
Action      :  has left stall 3
------------------------
2025-01-12 19:31:34 [INFO] :  [32m
Timestamp   : 2025-01-12 19:31:34
Thread Name : Employee 87
Action      :  has entered stall 3
------------------------
2025-01-12 19:31:34 [INFO] :  [33m
Timestamp   : 2025-01-12 19:31:34
Thread Name : Employee 59
Action      :  has left stall 4
------------------------
2025-01-12 19:31:34 [INFO] :  [32m
Timestamp   : 2025-01-12 19:31:34
Thread Name : Student 88
Action      :  has entered stall 4
------------------------
2025-01-12 19:31:35 [INFO] :  [33m
Timestamp   : 2025-01-12 19:31:35
Thread Name : Student 60
Action      :  has left stall 2
------------------------
2025-01-12 19:31:35 [INFO] :  [32m
Timestamp   : 2025-01-12 19:31:35
Thread Name : Employee 89
Action      :  has entered stall 2
------------------------
2025-01-12 19:31:35 [INFO] :  [33m
Timestamp   : 2025-01-12 19:31:35
Thread Name : Student 56
Action      :  has left stall 5
------------------------
2025-01-12 19:31:35 [INFO] :  [32m
Timestamp   : 2025-01-12 19:31:35
Thread Name : Student 90
Action      :  has entered stall 5
------------------------
2025-01-12 19:31:37 [INFO] :  [33m
Timestamp   : 2025-01-12 19:31:37
Thread Name : Employee 61
Action      :  has left stall 6
------------------------
2025-01-12 19:31:37 [INFO] :  [32m
Timestamp   : 2025-01-12 19:31:37
Thread Name : Employee 91
Action      :  has entered stall 6
------------------------
2025-01-12 19:31:37 [INFO] :  [33m
Timestamp   : 2025-01-12 19:31:37
Thread Name : Employee 87
Action      :  has left stall 3
------------------------
2025-01-12 19:31:37 [INFO] :  [32m
Timestamp   : 2025-01-12 19:31:37
Thread Name : Student 92
Action      :  has entered stall 3
------------------------
2025-01-12 19:31:38 [INFO] :  [33m
Timestamp   : 2025-01-12 19:31:38
Thread Name : Student 52
Action      :  has left stall 1
------------------------
2025-01-12 19:31:38 [INFO] :  [32m
Timestamp   : 2025-01-12 19:31:38
Thread Name : Employee 93
Action      :  has entered stall 1
------------------------
2025-01-12 19:31:39 [INFO] :  [33m
Timestamp   : 2025-01-12 19:31:39
Thread Name : Student 88
Action      :  has left stall 4
------------------------
2025-01-12 19:31:39 [INFO] :  [32m
Timestamp   : 2025-01-12 19:31:39
Thread Name : Student 94
Action      :  has entered stall 4
------------------------
2025-01-12 19:31:39 [INFO] :  [33m
Timestamp   : 2025-01-12 19:31:39
Thread Name : Student 90
Action      :  has left stall 5
------------------------
2025-01-12 19:31:39 [INFO] :  [32m
Timestamp   : 2025-01-12 19:31:39
Thread Name : Employee 95
Action      :  has entered stall 5
------------------------
2025-01-12 19:31:39 [INFO] :  [33m
Timestamp   : 2025-01-12 19:31:39
Thread Name : Employee 89
Action      :  has left stall 2
------------------------
2025-01-12 19:31:39 [INFO] :  [32m
Timestamp   : 2025-01-12 19:31:39
Thread Name : Student 96
Action      :  has entered stall 2
------------------------
2025-01-12 19:31:40 [INFO] :  [33m
Timestamp   : 2025-01-12 19:31:40
Thread Name : Employee 91
Action      :  has left stall 6
------------------------
2025-01-12 19:31:40 [INFO] :  [32m
Timestamp   : 2025-01-12 19:31:40
Thread Name : Student 98
Action      :  has entered stall 6
------------------------
2025-01-12 19:31:41 [INFO] :  [33m
Timestamp   : 2025-01-12 19:31:41
Thread Name : Student 92
Action      :  has left stall 3
------------------------
2025-01-12 19:31:41 [INFO] :  [32m
Timestamp   : 2025-01-12 19:31:41
Thread Name : Employee 97
Action      :  has entered stall 3
------------------------
2025-01-12 19:31:42 [INFO] :  [33m
Timestamp   : 2025-01-12 19:31:42
Thread Name : Employee 95
Action      :  has left stall 5
------------------------
2025-01-12 19:31:42 [INFO] :  [32m
Timestamp   : 2025-01-12 19:31:42
Thread Name : Employee 99
Action      :  has entered stall 5
------------------------
2025-01-12 19:31:42 [INFO] :  [33m
Timestamp   : 2025-01-12 19:31:42
Thread Name : Employee 93
Action      :  has left stall 1
------------------------
2025-01-12 19:31:42 [INFO] :  [32m
Timestamp   : 2025-01-12 19:31:42
Thread Name : Student 100
Action      :  has entered stall 1
------------------------
2025-01-12 19:31:42 [INFO] :  [33m
Timestamp   : 2025-01-12 19:31:42
Thread Name : Student 94
Action      :  has left stall 4
------------------------
2025-01-12 19:31:43 [INFO] :  [33m
Timestamp   : 2025-01-12 19:31:43
Thread Name : Student 96
Action      :  has left stall 2
------------------------
2025-01-12 19:31:44 [INFO] :  [33m
Timestamp   : 2025-01-12 19:31:44
Thread Name : Student 98
Action      :  has left stall 6
------------------------
2025-01-12 19:31:45 [INFO] :  [33m
Timestamp   : 2025-01-12 19:31:45
Thread Name : Employee 97
Action      :  has left stall 3
------------------------
2025-01-12 19:31:46 [INFO] :  [33m
Timestamp   : 2025-01-12 19:31:46
Thread Name : Employee 99
Action      :  has left stall 5
------------------------
2025-01-12 19:31:47 [INFO] :  [33m
Timestamp   : 2025-01-12 19:31:47
Thread Name : Student 100
Action      :  has left stall 1
------------------------
